<?xml version="1.0" encoding="UTF-8"?>
<!-- Generated by org.testng.reporters.JUnitReportReporter -->
<testsuite hostname="LAPTOP-CNFHQJ6N" failures="0" tests="3" name="testNG.GmailTestCase" time="15.468" errors="0" timestamp="15 Aug 2023 05:54:45 GMT" skipped="0">
  <testcase classname="testNG.GmailTestCase" name="search" time="6.755"/>
  <testcase classname="testNG.GmailTestCase" name="profile" time="4.058"/>
  <testcase classname="testNG.GmailTestCase" name="login" time="4.655"/>
</testsuite> <!-- testNG.GmailTestCase -->
