<?xml version="1.0" encoding="UTF-8"?>
<!-- Generated by org.testng.reporters.JUnitReportReporter -->
<testsuite hostname="LAPTOP-CNFHQJ6N" failures="0" tests="3" name="testngannotations.Class_Sample3" time="0.025" errors="0" timestamp="05 Sep 2023 10:14:33 GMT" skipped="0">
  <testcase classname="testngannotations.Class_Sample3" name="m9" time="0.003"/>
  <testcase classname="testngannotations.Class_Sample3" name="m7" time="0.019"/>
  <testcase classname="testngannotations.Class_Sample3" name="m8" time="0.003"/>
</testsuite> <!-- testngannotations.Class_Sample3 -->
