<?xml version="1.0" encoding="UTF-8"?>
<!-- Generated by org.testng.reporters.JUnitReportReporter -->
<testsuite hostname="LAPTOP-CNFHQJ6N" failures="0" tests="3" name="testNG.Example1" time="0.017" errors="0" timestamp="09 Aug 2023 13:54:12 GMT" skipped="0">
  <testcase classname="testNG.Example1" name="tc2" time="0.002"/>
  <testcase classname="testNG.Example1" name="tc1" time="0.014"/>
  <testcase classname="testNG.Example1" name="tc3" time="0.001"/>
</testsuite> <!-- testNG.Example1 -->
