<?xml version="1.0" encoding="UTF-8"?>
<!-- Generated by org.testng.reporters.JUnitReportReporter -->
<testsuite hostname="LAPTOP-CNFHQJ6N" failures="0" tests="3" name="testNG.Example2" time="0.005" errors="0" timestamp="09 Aug 2023 07:21:11 GMT" skipped="0">
  <testcase classname="testNG.Example2" name="tc5" time="0.001"/>
  <testcase classname="testNG.Example2" name="tc4" time="0.003"/>
  <testcase classname="testNG.Example2" name="tc6" time="0.001"/>
</testsuite> <!-- testNG.Example2 -->
