<?xml version="1.0" encoding="UTF-8"?>
<!-- Generated by org.testng.reporters.JUnitReportReporter -->
<testsuite hostname="LAPTOP-CNFHQJ6N" failures="0" tests="15" name="testNG.Invocationcount" time="0.017" errors="0" timestamp="10 Aug 2023 04:04:25 GMT" skipped="0">
  <testcase classname="testNG.Invocationcount" name="Testcase" time="0.001"/>
  <testcase classname="testNG.Invocationcount" name="Testcase" time="0.001"/>
  <testcase classname="testNG.Invocationcount" name="Testcase" time="0.000"/>
  <testcase classname="testNG.Invocationcount" name="Testcase" time="0.000"/>
  <testcase classname="testNG.Invocationcount" name="Testcase" time="0.000"/>
  <testcase classname="testNG.Invocationcount" name="Testcase" time="0.000"/>
  <testcase classname="testNG.Invocationcount" name="Testcase" time="0.009"/>
  <testcase classname="testNG.Invocationcount" name="Testcase" time="0.001"/>
  <testcase classname="testNG.Invocationcount" name="Testcase" time="0.001"/>
  <testcase classname="testNG.Invocationcount" name="Testcase" time="0.001"/>
  <testcase classname="testNG.Invocationcount" name="Testcase" time="0.001"/>
  <testcase classname="testNG.Invocationcount" name="Testcase" time="0.001"/>
  <testcase classname="testNG.Invocationcount" name="Testcase" time="0.000"/>
  <testcase classname="testNG.Invocationcount" name="Testcase" time="0.001"/>
  <testcase classname="testNG.Invocationcount" name="Testcase" time="0.000"/>
</testsuite> <!-- testNG.Invocationcount -->
