<?xml version="1.0" encoding="UTF-8"?>
<!-- Generated by org.testng.reporters.JUnitReportReporter -->
<testsuite hostname="LAPTOP-CNFHQJ6N" failures="0" tests="1" name="testNG.Assert_assertEquals" time="0.009" errors="0" timestamp="13 Aug 2023 18:47:06 GMT" skipped="0">
  <testcase classname="testNG.Assert_assertEquals" name="test" time="0.009"/>
</testsuite> <!-- testNG.Assert_assertEquals -->
