<?xml version="1.0" encoding="UTF-8"?>
<!-- Generated by org.testng.reporters.JUnitReportReporter -->
<testsuite hostname="LAPTOP-CNFHQJ6N" failures="0" tests="1" name="testNG.Example" time="0.019" errors="0" timestamp="09 Aug 2023 06:38:05 GMT" skipped="0">
  <testcase classname="testNG.Example" name="m1" time="0.019"/>
</testsuite> <!-- testNG.Example -->
