<?xml version="1.0" encoding="UTF-8"?>
<!-- Generated by org.testng.reporters.JUnitReportReporter -->
<testsuite hostname="LAPTOP-CNFHQJ6N" failures="0" tests="1" name="testNG.Assert_true1" time="0.020" errors="0" timestamp="10 Aug 2023 07:20:14 GMT" skipped="0">
  <testcase classname="testNG.Assert_true1" name="test" time="0.020"/>
</testsuite> <!-- testNG.Assert_true1 -->
