<?xml version="1.0" encoding="UTF-8"?>
<!-- Generated by org.testng.reporters.JUnitReportReporter -->
<testsuite hostname="LAPTOP-CNFHQJ6N" failures="0" tests="3" name="testNG.Example3" time="0.021" errors="0" timestamp="09 Aug 2023 07:21:11 GMT" skipped="0">
  <testcase classname="testNG.Example3" name="tc9" time="0.002"/>
  <testcase classname="testNG.Example3" name="tc7" time="0.017"/>
  <testcase classname="testNG.Example3" name="tc8" time="0.002"/>
</testsuite> <!-- testNG.Example3 -->
