<?xml version="1.0" encoding="UTF-8"?>
<!-- Generated by org.testng.reporters.JUnitReportReporter -->
<testsuite hostname="LAPTOP-CNFHQJ6N" failures="0" tests="3" name="testNG.Enabled" time="0.028" errors="0" timestamp="10 Aug 2023 05:30:40 GMT" skipped="1">
  <testcase classname="testNG.Enabled" name="Test2" time="0.026"/>
  <testcase classname="testNG.Enabled" name="Test1" time="0.002"/>
  <testcase classname="testNG.Enabled" name="Test3">
    <skipped/>
  </testcase> <!-- Test3 -->
</testsuite> <!-- testNG.Enabled -->
