<?xml version="1.0" encoding="UTF-8"?>
<!-- Generated by org.testng.reporters.JUnitReportReporter -->
<testsuite hostname="LAPTOP-CNFHQJ6N" failures="0" tests="1" name="testNG.Assert_AssertTrue" time="0.018" errors="0" timestamp="10 Aug 2023 14:34:20 GMT" skipped="0">
  <testcase classname="testNG.Assert_AssertTrue" name="test" time="0.018"/>
</testsuite> <!-- testNG.Assert_AssertTrue -->
