<?xml version="1.0" encoding="UTF-8"?>
<!-- Generated by org.testng.reporters.JUnitReportReporter -->
<testsuite hostname="LAPTOP-CNFHQJ6N" failures="0" tests="3" name="testNG.Priority" time="0.011" errors="0" timestamp="10 Aug 2023 03:50:36 GMT" skipped="0">
  <testcase classname="testNG.Priority" name="Tc1" time="0.009"/>
  <testcase classname="testNG.Priority" name="Tc2" time="0.001"/>
  <testcase classname="testNG.Priority" name="Tc3" time="0.001"/>
</testsuite> <!-- testNG.Priority -->
