<?xml version="1.0" encoding="UTF-8"?>
<!-- Generated by org.testng.reporters.JUnitReportReporter -->
<testsuite hostname="LAPTOP-CNFHQJ6N" failures="0" tests="1" name="testNG.Day1" time="0.020" errors="0" timestamp="09 Aug 2023 13:53:58 GMT" skipped="0">
  <testcase classname="testNG.Day1" name="Tc" time="0.020"/>
</testsuite> <!-- testNG.Day1 -->
