<?xml version="1.0" encoding="UTF-8"?>
<!-- Generated by org.testng.reporters.JUnitReportReporter -->
<testsuite hostname="LAPTOP-CNFHQJ6N" failures="0" tests="1" name="testngannotations.FlowofTestAnnotations" time="0.012" errors="0" timestamp="05 Sep 2023 09:49:50 GMT" skipped="0">
  <testcase classname="testngannotations.FlowofTestAnnotations" name="testcasse" time="0.012"/>
</testsuite> <!-- testngannotations.FlowofTestAnnotations -->
