<?xml version="1.0" encoding="UTF-8"?>
<!-- Generated by org.testng.reporters.JUnitReportReporter -->
<testsuite hostname="LAPTOP-CNFHQJ6N" failures="0" tests="1" name="testNG.Firstday" time="0.017" errors="0" timestamp="09 Aug 2023 14:05:54 GMT" skipped="0">
  <testcase classname="testNG.Firstday" name="tc1" time="0.017"/>
</testsuite> <!-- testNG.Firstday -->
