<?xml version="1.0" encoding="UTF-8"?>
<!-- Generated by org.testng.reporters.JUnitReportReporter -->
<testsuite hostname="LAPTOP-CNFHQJ6N" failures="0" tests="3" name="testngannotations.Class_Sample2" time="0.006" errors="0" timestamp="05 Sep 2023 10:14:33 GMT" skipped="0">
  <testcase classname="testngannotations.Class_Sample2" name="m4" time="0.002"/>
  <testcase classname="testngannotations.Class_Sample2" name="m6" time="0.002"/>
  <testcase classname="testngannotations.Class_Sample2" name="m5" time="0.002"/>
</testsuite> <!-- testngannotations.Class_Sample2 -->
